
Kill Job #14534268 Request sent to prod-sub-1.neos-server.org:
0


--- Job reto4.gms Start 09/08/24 12:51:59 47.5.0 d6b95593 WEX-WEI x86 64bit/MS Windows
--- Applying:
    C:\GAMS\47\gmsprmNT.txt
--- GAMS Parameters defined
    Input C:\Users\rcorr\Desktop\Development\MA2015.101\reto\reto4.gms
    XSave C:\Users\rcorr\Desktop\Development\MA2015.101\reto\reto4.g0?
    PageSize 0
    Action C
    ScrDir C:\Users\rcorr\Desktop\Development\MA2015.101\reto\225a\
    SysDir C:\GAMS\47\
    LogOption 3
    ErrMsg 1
    ErrorLog 99
    IDE 1
    LstTitleLeftAligned 1
    PreviousWork 1
Licensee: GAMS Community License for Raul Correa         G240415|0002AO-GEN
          INSTITUTO TECNOLOGICO Y DE EST. SUP. DE MONTERREY, IndustrCL13752
          C:\Users\rcorr\Documents\GAMS\gamslice.txt
          Raul Correa, a01722401@tec.mx                                    
          Community license for demonstration and instructional purposes only
Processor information: 1 socket(s), 6 core(s), and 12 thread(s) available
GAMS 47.5.0   Copyright (C) 1987-2024 GAMS Development. All rights reserved
--- Starting compilation
--- reto4.gms(8) 3 Mb
--- . dist_matrix3.csv(201) 4 Mb
--- reto4.gms(29) 4 Mb
*** Status: Normal completion
--- Job reto4.gms Stop 09/08/24 12:51:59 elapsed 0:00:00.066

--- switch to NEOS .\reto4\solve.lst
Job 14534297 dispatched
password: ukfZRjcB
Network error: Temporary network failure.
